2019-05-21T15:14:59.325Z thumbsup:warn ffmpeg (https://www.ffmpeg.org) is not installed. You will not be able to process videos.
2019-05-21T15:14:59.326Z thumbsup:warn gifsicle (http://www.lcdf.org/gifsicle) is not installed. You will not be able to process animated GIFs.
2019-05-21T15:15:14.833Z thumbsup:error Error processing Test1.mp4 -> media\large\Test1.mp4
2019-05-21T15:15:14.833Z thumbsup:error Error: spawn ffmpeg ENOENT
2019-05-21T15:15:14.833Z thumbsup:error Error processing Test1.mp4 -> media\thumbs\Test1.jpg
2019-05-21T15:15:14.833Z thumbsup:error Error: spawn ffmpeg ENOENT
2019-05-21T15:15:14.834Z thumbsup:error Error processing Test1.mp4 -> media\small\Test1.jpg
2019-05-21T15:15:14.834Z thumbsup:error Error: spawn ffmpeg ENOENT
2019-05-21T15:15:14.834Z thumbsup:error Error processing Test1.mp4 -> media\large\Test1.jpg
2019-05-21T15:15:14.834Z thumbsup:error Error: spawn ffmpeg ENOENT
2019-05-21T15:15:15.364Z thumbsup:warn The following sources files were not processed:
2019-05-21T15:15:15.364Z thumbsup:warn Test1.mp4
2019-05-21T15:29:20.969Z thumbsup:warn gifsicle (http://www.lcdf.org/gifsicle) is not installed. You will not be able to process animated GIFs.
2019-05-22T09:45:55.127Z thumbsup:warn gifsicle (http://www.lcdf.org/gifsicle) is not installed. You will not be able to process animated GIFs.
2022-12-14T08:56:15.765Z thumbsup:warn ffmpeg (https://www.ffmpeg.org) is not installed. You will not be able to process videos.
2022-12-14T08:56:15.765Z thumbsup:warn gifsicle (http://www.lcdf.org/gifsicle) is not installed. You will not be able to process animated GIFs.
2022-12-14T08:56:15.765Z thumbsup:warn zip (https://linux.die.net/man/1/zip) is not installed. You will not be able to create ZIP files.
2022-12-14T09:08:25.152Z thumbsup:warn ffmpeg (https://www.ffmpeg.org) is not installed. You will not be able to process videos.
2022-12-14T09:08:25.152Z thumbsup:warn gifsicle (http://www.lcdf.org/gifsicle) is not installed. You will not be able to process animated GIFs.
2022-12-14T09:08:25.152Z thumbsup:warn zip (https://linux.die.net/man/1/zip) is not installed. You will not be able to create ZIP files.
2022-12-14T09:08:27.376Z thumbsup:warn Unsupported file type <unknown> for Rav Avi Lipman/Lech Lecha - Rav Avi Lipman.mp4
2022-12-14T09:08:27.378Z thumbsup:warn Unsupported file type <unknown> for Rav Avi Lipman/Vayera - Rav Avi Lipman.mp4
2022-12-14T09:16:40.342Z thumbsup:warn gifsicle (http://www.lcdf.org/gifsicle) is not installed. You will not be able to process animated GIFs.
2022-12-14T09:16:40.342Z thumbsup:warn zip (https://linux.die.net/man/1/zip) is not installed. You will not be able to create ZIP files.
2022-12-14T09:16:41.069Z thumbsup:warn Unsupported file type <unknown> for Rav Avi Lipman/Lech Lecha - Rav Avi Lipman.mp4
2022-12-14T09:16:41.071Z thumbsup:warn Unsupported file type <unknown> for Rav Avi Lipman/Vayera - Rav Avi Lipman.mp4
2022-12-14T09:22:11.864Z thumbsup:warn gifsicle (http://www.lcdf.org/gifsicle) is not installed. You will not be able to process animated GIFs.
2022-12-14T09:22:11.864Z thumbsup:warn zip (https://linux.die.net/man/1/zip) is not installed. You will not be able to create ZIP files.
2022-12-14T09:22:15.192Z thumbsup:warn Unsupported file type <unknown> for Rav Avi Lipman/Lech Lecha - Rav Avi Lipman.mp4
2022-12-14T09:22:15.193Z thumbsup:warn Unsupported file type <unknown> for Rav Avi Lipman/Vayera - Rav Avi Lipman.mp4
2022-12-14T09:29:36.863Z thumbsup:warn gifsicle (http://www.lcdf.org/gifsicle) is not installed. You will not be able to process animated GIFs.
2022-12-14T09:29:36.863Z thumbsup:warn zip (https://linux.die.net/man/1/zip) is not installed. You will not be able to create ZIP files.
2022-12-14T09:29:38.063Z thumbsup:warn Unsupported file type <unknown> for Rav Avi Lipman/Lech Lecha - Rav Avi Lipman.mp4
2022-12-14T09:29:38.064Z thumbsup:warn Unsupported file type <unknown> for Rav Avi Lipman/Vayera - Rav Avi Lipman.mp4
2022-12-14T09:31:59.380Z thumbsup:warn gifsicle (http://www.lcdf.org/gifsicle) is not installed. You will not be able to process animated GIFs.
2022-12-14T09:31:59.380Z thumbsup:warn zip (https://linux.die.net/man/1/zip) is not installed. You will not be able to create ZIP files.
2022-12-14T09:35:15.759Z thumbsup:warn gifsicle (http://www.lcdf.org/gifsicle) is not installed. You will not be able to process animated GIFs.
2022-12-14T09:35:15.760Z thumbsup:warn zip (https://linux.die.net/man/1/zip) is not installed. You will not be able to create ZIP files.
2022-12-14T10:06:37.348Z thumbsup:warn gifsicle (http://www.lcdf.org/gifsicle) is not installed. You will not be able to process animated GIFs.
2022-12-14T10:06:37.349Z thumbsup:warn zip (https://linux.die.net/man/1/zip) is not installed. You will not be able to create ZIP files.
2022-12-14T10:10:11.839Z thumbsup:warn gifsicle (http://www.lcdf.org/gifsicle) is not installed. You will not be able to process animated GIFs.
2022-12-14T10:10:11.839Z thumbsup:warn zip (https://linux.die.net/man/1/zip) is not installed. You will not be able to create ZIP files.
2022-12-14T10:19:50.766Z thumbsup:warn gifsicle (http://www.lcdf.org/gifsicle) is not installed. You will not be able to process animated GIFs.
2022-12-14T10:19:50.766Z thumbsup:warn zip (https://linux.die.net/man/1/zip) is not installed. You will not be able to create ZIP files.
2022-12-14T10:46:39.903Z thumbsup:warn gifsicle (http://www.lcdf.org/gifsicle) is not installed. You will not be able to process animated GIFs.
2022-12-14T10:46:39.903Z thumbsup:warn zip (https://linux.die.net/man/1/zip) is not installed. You will not be able to create ZIP files.
2022-12-14T10:48:17.308Z thumbsup:warn gifsicle (http://www.lcdf.org/gifsicle) is not installed. You will not be able to process animated GIFs.
2022-12-14T10:48:17.308Z thumbsup:warn zip (https://linux.die.net/man/1/zip) is not installed. You will not be able to create ZIP files.
2022-12-16T08:11:05.800Z thumbsup:warn gifsicle (http://www.lcdf.org/gifsicle) is not installed. You will not be able to process animated GIFs.
2022-12-16T08:11:05.802Z thumbsup:warn zip (https://linux.die.net/man/1/zip) is not installed. You will not be able to create ZIP files.
2023-01-05T22:04:35.767Z thumbsup:warn gifsicle (http://www.lcdf.org/gifsicle) is not installed. You will not be able to process animated GIFs.
2023-01-05T22:04:35.767Z thumbsup:warn zip (https://linux.die.net/man/1/zip) is not installed. You will not be able to create ZIP files.
2023-01-12T17:10:24.307Z thumbsup:warn gifsicle (http://www.lcdf.org/gifsicle) is not installed. You will not be able to process animated GIFs.
2023-01-12T17:10:24.307Z thumbsup:warn zip (https://linux.die.net/man/1/zip) is not installed. You will not be able to create ZIP files.
